# JRE version: OpenJDK Runtime Environment Temurin-17.0.4.1+1 (17.0.4.1+1) (build 17.0.4.1+1)
# Java VM: OpenJDK 64-Bit Server VM Temurin-17.0.4.1+1 (17.0.4.1+1, mixed mode, emulated-client, sharing, tiered, compressed oops, compressed class ptrs, g1 gc, linux-amd64)
GC Precious Log:
 CPUs: 8 total, 8 available
 Memory: 7843M
 Large Page Support: Disabled
 NUMA Support: Disabled
 Compressed Oops: Enabled (32-bit)
 Heap Region Size: 1M
 Heap Min Capacity: 8M
 Heap Initial Capacity: 124M
 Heap Max Capacity: 1962M
 Pre-touch: Disabled
 Parallel Workers: 8
 Concurrent Workers: 2
 Concurrent Refinement Workers: 8
 Periodic GC: Disabled
Heap:
 garbage-first heap   total 385024K, used 76734K [0x0000000085600000, 0x0000000100000000)
  region size 1024K, 7 young (7168K), 4 survivors (4096K)
 Metaspace       used 62755K, committed 63360K, reserved 1105920K
  class space    used 8832K, committed 9152K, reserved 1048576K
GC Heap History (20 events):
Event: 0,813 GC heap before
{Heap before GC invocations=3 (full 0):
 garbage-first heap   total 129024K, used 70624K [0x0000000085600000, 0x0000000100000000)
  region size 1024K, 42 young (43008K), 5 survivors (5120K)
 Metaspace       used 9799K, committed 10112K, reserved 1064960K
  class space    used 1254K, committed 1408K, reserved 1048576K
}
Event: 0,820 GC heap after
{Heap after GC invocations=4 (full 0):
 garbage-first heap   total 129024K, used 37264K [0x0000000085600000, 0x0000000100000000)
  region size 1024K, 5 young (5120K), 5 survivors (5120K)
 Metaspace       used 9799K, committed 10112K, reserved 1064960K
  class space    used 1254K, committed 1408K, reserved 1048576K
}
Event: 1,010 GC heap before
{Heap before GC invocations=4 (full 0):
 garbage-first heap   total 129024K, used 75152K [0x0000000085600000, 0x0000000100000000)
  region size 1024K, 43 young (44032K), 5 survivors (5120K)
 Metaspace       used 14936K, committed 15360K, reserved 1064960K
  class space    used 2072K, committed 2304K, reserved 1048576K
}
Event: 1,014 GC heap after
{Heap after GC invocations=5 (full 0):
 garbage-first heap   total 190464K, used 41445K [0x0000000085600000, 0x0000000100000000)
  region size 1024K, 5 young (5120K), 5 survivors (5120K)
 Metaspace       used 14936K, committed 15360K, reserved 1064960K
  class space    used 2072K, committed 2304K, reserved 1048576K
}
Event: 1,221 GC heap before
{Heap before GC invocations=5 (full 0):
 garbage-first heap   total 190464K, used 101861K [0x0000000085600000, 0x0000000100000000)
  region size 1024K, 66 young (67584K), 5 survivors (5120K)
 Metaspace       used 21112K, committed 21504K, reserved 1073152K
  class space    used 2858K, committed 3072K, reserved 1048576K
}
Event: 1,225 GC heap after
{Heap after GC invocations=6 (full 0):
 garbage-first heap   total 190464K, used 45234K [0x0000000085600000, 0x0000000100000000)
  region size 1024K, 9 young (9216K), 9 survivors (9216K)
 Metaspace       used 21112K, committed 21504K, reserved 1073152K
  class space    used 2858K, committed 3072K, reserved 1048576K
}
Event: 1,444 GC heap before
{Heap before GC invocations=7 (full 0):
 garbage-first heap   total 171008K, used 134322K [0x0000000085600000, 0x0000000100000000)
  region size 1024K, 97 young (99328K), 9 survivors (9216K)
 Metaspace       used 25320K, committed 25728K, reserved 1073152K
  class space    used 3573K, committed 3776K, reserved 1048576K
}
Event: 1,451 GC heap after
{Heap after GC invocations=8 (full 0):
 garbage-first heap   total 171008K, used 56714K [0x0000000085600000, 0x0000000100000000)
  region size 1024K, 13 young (13312K), 13 survivors (13312K)
 Metaspace       used 25320K, committed 25728K, reserved 1073152K
  class space    used 3573K, committed 3776K, reserved 1048576K
}
Event: 1,455 GC heap before
{Heap before GC invocations=8 (full 0):
 garbage-first heap   total 171008K, used 57738K [0x0000000085600000, 0x0000000100000000)
  region size 1024K, 14 young (14336K), 13 survivors (13312K)
 Metaspace       used 25388K, committed 25792K, reserved 1073152K
  class space    used 3589K, committed 3776K, reserved 1048576K
}
Event: 1,461 GC heap after
{Heap after GC invocations=9 (full 0):
 garbage-first heap   total 171008K, used 58955K [0x0000000085600000, 0x0000000100000000)
  region size 1024K, 2 young (2048K), 2 survivors (2048K)
 Metaspace       used 25388K, committed 25792K, reserved 1073152K
  class space    used 3589K, committed 3776K, reserved 1048576K
}
Event: 1,688 GC heap before
{Heap before GC invocations=9 (full 0):
 garbage-first heap   total 171008K, used 121419K [0x0000000085600000, 0x0000000100000000)
  region size 1024K, 64 young (65536K), 2 survivors (2048K)
 Metaspace       used 33145K, committed 33536K, reserved 1081344K
  class space    used 4852K, committed 5056K, reserved 1048576K
}
Event: 1,691 GC heap after
{Heap after GC invocations=10 (full 0):
 garbage-first heap   total 171008K, used 63281K [0x0000000085600000, 0x0000000100000000)
  region size 1024K, 7 young (7168K), 7 survivors (7168K)
 Metaspace       used 33145K, committed 33536K, reserved 1081344K
  class space    used 4852K, committed 5056K, reserved 1048576K
}
Event: 1,939 GC heap before
{Heap before GC invocations=10 (full 0):
 garbage-first heap   total 171008K, used 115505K [0x0000000085600000, 0x0000000100000000)
  region size 1024K, 60 young (61440K), 7 survivors (7168K)
 Metaspace       used 35700K, committed 36160K, reserved 1081344K
  class space    used 5202K, committed 5440K, reserved 1048576K
}
Event: 1,943 GC heap after
{Heap after GC invocations=11 (full 0):
 garbage-first heap   total 171008K, used 69753K [0x0000000085600000, 0x0000000100000000)
  region size 1024K, 9 young (9216K), 9 survivors (9216K)
 Metaspace       used 35700K, committed 36160K, reserved 1081344K
  class space    used 5202K, committed 5440K, reserved 1048576K
}
Event: 2,367 GC heap before
{Heap before GC invocations=12 (full 0):
 garbage-first heap   total 171008K, used 124025K [0x0000000085600000, 0x0000000100000000)
  region size 1024K, 63 young (64512K), 9 survivors (9216K)
 Metaspace       used 46473K, committed 46976K, reserved 1089536K
  class space    used 6809K, committed 7040K, reserved 1048576K
}
Event: 2,371 GC heap after
{Heap after GC invocations=13 (full 0):
 garbage-first heap   total 171008K, used 72108K [0x0000000085600000, 0x0000000100000000)
  region size 1024K, 3 young (3072K), 3 survivors (3072K)
 Metaspace       used 46473K, committed 46976K, reserved 1089536K
  class space    used 6809K, committed 7040K, reserved 1048576K
}
Event: 2,421 GC heap before
{Heap before GC invocations=13 (full 0):
 garbage-first heap   total 171008K, used 77228K [0x0000000085600000, 0x0000000100000000)
  region size 1024K, 8 young (8192K), 3 survivors (3072K)
 Metaspace       used 47585K, committed 48128K, reserved 1097728K
  class space    used 6942K, committed 7168K, reserved 1048576K
}
Event: 2,422 GC heap after
{Heap after GC invocations=14 (full 0):
 garbage-first heap   total 171008K, used 71667K [0x0000000085600000, 0x0000000100000000)
  region size 1024K, 1 young (1024K), 1 survivors (1024K)
 Metaspace       used 47585K, committed 48128K, reserved 1097728K
  class space    used 6942K, committed 7168K, reserved 1048576K
}
Event: 145,514 GC heap before
{Heap before GC invocations=14 (full 0):
 garbage-first heap   total 171008K, used 121843K [0x0000000085600000, 0x0000000100000000)
  region size 1024K, 52 young (53248K), 1 survivors (1024K)
 Metaspace       used 61978K, committed 62528K, reserved 1105920K
  class space    used 8736K, committed 9024K, reserved 1048576K
}
Event: 145,517 GC heap after
{Heap after GC invocations=15 (full 0):
 garbage-first heap   total 385024K, used 74686K [0x0000000085600000, 0x0000000100000000)
  region size 1024K, 4 young (4096K), 4 survivors (4096K)
 Metaspace       used 61978K, committed 62528K, reserved 1105920K
  class space    used 8736K, committed 9024K, reserved 1048576K
}

